Using pre-set license
Built from '2020.3/staging' branch; Version is '2020.3.6f1 (338bb68529b2) revision 3378102'; Using compiler version '192528614'; Build Type 'Release'
OS: 'Windows 10 Home; OS build 19043.1415; Version 2009; 64bit' Language: 'ko' Physical Memory: 16023 MB
BatchMode: 1, IsHumanControllingUs: 0, StartBugReporterOnCrash: 0, Is64bit: 1, IsPro: 0

 COMMAND LINE ARGUMENTS:
C:\Program Files\Unity\Hub\Editor\2020.3.6f1\Editor\Unity.exe
-adb2
-batchMode
-noUpm
-name
AssetImportWorker0
-projectPath
C:/Users/kayla/Haunted_Jaunt
-logFile
Logs/AssetImportWorker0.log
-srvPort
51360
Successfully changed project path to: C:/Users/kayla/Haunted_Jaunt
C:/Users/kayla/Haunted_Jaunt
Using Asset Import Pipeline V2.
Refreshing native plugins compatible for Editor in 20.24 ms, found 0 plugins.
Preloading 0 native plugins for Editor in 0.00 ms.
Initialize engine version: 2020.3.6f1 (338bb68529b2)
[Subsystems] Discovering subsystems at path C:/Program Files/Unity/Hub/Editor/2020.3.6f1/Editor/Data/Resources/UnitySubsystems
[Subsystems] Discovering subsystems at path C:/Users/kayla/Haunted_Jaunt/Assets
GfxDevice: creating device client; threaded=0
Direct3D:
    Version:  Direct3D 11.0 [level 11.1]
    Renderer: Intel(R) Iris(R) Xe Graphics (ID=0x9a49)
    Vendor:   
    VRAM:     8011 MB
    Driver:   30.0.100.9864
Initialize mono
Mono path[0] = 'C:/Program Files/Unity/Hub/Editor/2020.3.6f1/Editor/Data/Managed'
Mono path[1] = 'C:/Program Files/Unity/Hub/Editor/2020.3.6f1/Editor/Data/MonoBleedingEdge/lib/mono/unityjit'
Mono config path = 'C:/Program Files/Unity/Hub/Editor/2020.3.6f1/Editor/Data/MonoBleedingEdge/etc'
Using monoOptions --debugger-agent=transport=dt_socket,embedding=1,server=y,suspend=n,address=127.0.0.1:56248
Begin MonoManager ReloadAssembly
Registering precompiled unity dll's ...
Register platform support module: C:/Program Files/Unity/Hub/Editor/2020.3.6f1/Editor/Data/PlaybackEngines/WebGLSupport/UnityEditor.WebGL.Extensions.dll
Register platform support module: C:/Program Files/Unity/Hub/Editor/2020.3.6f1/Editor/Data/PlaybackEngines/WindowsStandaloneSupport/UnityEditor.WindowsStandalone.Extensions.dll
Registered in 0.002363 seconds.
Native extension for WindowsStandalone target not found
Native extension for WebGL target not found
Refreshing native plugins compatible for Editor in 17.69 ms, found 0 plugins.
Preloading 0 native plugins for Editor in 0.00 ms.
Mono: successfully reloaded assembly
- Completed reload, in  0.895 seconds
Platform modules already initialized, skipping
Registering precompiled user dll's ...
Registered in 0.000643 seconds.
Begin MonoManager ReloadAssembly
Native extension for WindowsStandalone target not found
Native extension for WebGL target not found
Refreshing native plugins compatible for Editor in 0.17 ms, found 0 plugins.
Preloading 0 native plugins for Editor in 0.00 ms.
Mono: successfully reloaded assembly
- Completed reload, in  0.707 seconds
Platform modules already initialized, skipping
========================================================================
Worker process is ready to serve import requests
Launched and connected shader compiler UnityShaderCompiler.exe after 0.05 seconds
Refreshing native plugins compatible for Editor in 0.18 ms, found 0 plugins.
Preloading 0 native plugins for Editor in 0.00 ms.
Unloading 1115 Unused Serialized files (Serialized files now loaded: 0)
System memory in use before: 57.1 MB.
System memory in use after: 57.1 MB.

Unloading 10 unused Assets to reduce memory usage. Loaded Objects now: 1557.
Total: 1.470000 ms (FindLiveObjects: 0.106300 ms CreateObjectMapping: 0.020900 ms MarkObjects: 1.256300 ms  DeleteObjects: 0.085500 ms)

========================================================================
Received Import Request.
  path: Assets/Scenes/SampleScene.unity
  artifactKey: Guid(9fc0d4010bbf28b4594072e72b8655ab) Importer(815301076,1909f56bfc062723c751e8b465ee728b)
Start importing Assets/Scenes/SampleScene.unity using Guid(9fc0d4010bbf28b4594072e72b8655ab) Importer(815301076,1909f56bfc062723c751e8b465ee728b)  -> (artifact id: '3106d81e14175b7109796116b50b2db6') in 0.010552 seconds
  Import took 0.014909 seconds .

========================================================================
Received Import Request.
  Time since last request: 10.989140 seconds.
  path: Assets/Scenes/MainScene.unity
  artifactKey: Guid(9fc0d4010bbf28b4594072e72b8655ab) Importer(815301076,1909f56bfc062723c751e8b465ee728b)
Start importing Assets/Scenes/MainScene.unity using Guid(9fc0d4010bbf28b4594072e72b8655ab) Importer(815301076,1909f56bfc062723c751e8b465ee728b)  -> (artifact id: '9ce9b2b6e3b921b74883ab6ba4d44df1') in 0.005119 seconds
  Import took 0.009331 seconds .

========================================================================
Received Prepare
Registering precompiled user dll's ...
Registered in 0.004048 seconds.
Begin MonoManager ReloadAssembly
Native extension for WindowsStandalone target not found
Native extension for WebGL target not found
Refreshing native plugins compatible for Editor in 0.41 ms, found 0 plugins.
Preloading 0 native plugins for Editor in 0.00 ms.
Invalid AssetDatabase path: /Editor/EditorResources/cm_logo_sm.png. Use path relative to the project folder.
UnityEngine.StackTraceUtility:ExtractStackTrace ()
UnityEditor.AssetDatabase:LoadAssetAtPath<UnityEngine.Texture2D> (string)
Cinemachine.Editor.CinemachineSettings:get_CinemachineLogoTexture () (at Library/PackageCache/com.unity.cinemachine@2.5.0/Editor/Windows/CinemachineSettings.cs:193)
Cinemachine.Editor.CinemachineSettings:.cctor () (at Library/PackageCache/com.unity.cinemachine@2.5.0/Editor/Windows/CinemachineSettings.cs:225)
Cinemachine.CinemachineColliderPrefs:.cctor () (at Library/PackageCache/com.unity.cinemachine@2.5.0/Editor/Windows/CinemachineColliderPrefs.cs:61)
System.Runtime.CompilerServices.RuntimeHelpers:RunClassConstructor (System.RuntimeTypeHandle)
UnityEditor.EditorAssemblies:ProcessInitializeOnLoadAttributes (System.Type[])

[Library/PackageCache/com.unity.cinemachine@2.5.0/Editor/Windows/CinemachineSettings.cs line 193]

[ScriptCompilation] NOT recompiling all scripts because this is an import worker process. Reason to compile was: Define symbols changed
Mono: successfully reloaded assembly
- Completed reload, in  0.844 seconds
Platform modules already initialized, skipping
Refreshing native plugins compatible for Editor in 0.39 ms, found 0 plugins.
Preloading 0 native plugins for Editor in 0.00 ms.
Unloading 1611 Unused Serialized files (Serialized files now loaded: 0)
System memory in use before: 76.6 MB.
System memory in use after: 74.7 MB.

Unloading 54 unused Assets to reduce memory usage. Loaded Objects now: 2019.
Total: 2.407800 ms (FindLiveObjects: 0.239500 ms CreateObjectMapping: 0.133100 ms MarkObjects: 1.459000 ms  DeleteObjects: 0.574900 ms)

========================================================================
Received Prepare
Registering precompiled user dll's ...
Registered in 0.028743 seconds.
Begin MonoManager ReloadAssembly
Native extension for WindowsStandalone target not found
Native extension for WebGL target not found
Refreshing native plugins compatible for Editor in 0.47 ms, found 0 plugins.
Preloading 0 native plugins for Editor in 0.00 ms.
Mono: successfully reloaded assembly
- Completed reload, in  1.128 seconds
Platform modules already initialized, skipping
Refreshing native plugins compatible for Editor in 0.44 ms, found 0 plugins.
Preloading 0 native plugins for Editor in 0.00 ms.
Unloading 1618 Unused Serialized files (Serialized files now loaded: 0)
System memory in use before: 78.3 MB.
System memory in use after: 75.6 MB.

Unloading 58 unused Assets to reduce memory usage. Loaded Objects now: 2027.
Total: 3.169400 ms (FindLiveObjects: 0.290900 ms CreateObjectMapping: 0.086100 ms MarkObjects: 1.735400 ms  DeleteObjects: 1.055300 ms)

========================================================================
Received Prepare
Refreshing native plugins compatible for Editor in 9.69 ms, found 0 plugins.
Preloading 0 native plugins for Editor in 0.00 ms.
Unloading 55 Unused Serialized files (Serialized files now loaded: 0)
System memory in use before: 47.4 MB.
System memory in use after: 44.6 MB.

Unloading 55 unused Assets to reduce memory usage. Loaded Objects now: 2027.
Total: 2.898700 ms (FindLiveObjects: 0.265300 ms CreateObjectMapping: 0.059100 ms MarkObjects: 1.488000 ms  DeleteObjects: 1.084400 ms)

========================================================================
Received Import Request.
  Time since last request: 164.583974 seconds.
  path: Assets/Readme.asset
  artifactKey: Guid(5aa8565dc31eb3f4a97f05eb11fe8445) Importer(815301076,1909f56bfc062723c751e8b465ee728b)
Start importing Assets/Readme.asset using Guid(5aa8565dc31eb3f4a97f05eb11fe8445) Importer(815301076,1909f56bfc062723c751e8b465ee728b)  -> (artifact id: '50ed57659d9e1cd8d870771ed149ed4c') in 0.029735 seconds
  Import took 0.032260 seconds .

========================================================================
Received Import Request.
  Time since last request: 8.123656 seconds.
  path: Assets/Models/Characters
  artifactKey: Guid(0a4baff46de2c5f42a4a87eb698b18ed) Importer(815301076,1909f56bfc062723c751e8b465ee728b)
Start importing Assets/Models/Characters using Guid(0a4baff46de2c5f42a4a87eb698b18ed) Importer(815301076,1909f56bfc062723c751e8b465ee728b)  -> (artifact id: '0723fb56a8f31709e7022798a0ecf433') in 0.002984 seconds
  Import took 0.005470 seconds .

========================================================================
Received Import Request.
  Time since last request: 0.003009 seconds.
  path: Assets/Models/Characters
  artifactKey: Guid(0a4baff46de2c5f42a4a87eb698b18ed) Importer(815301076,1909f56bfc062723c751e8b465ee728b)
Start importing Assets/Models/Characters using Guid(0a4baff46de2c5f42a4a87eb698b18ed) Importer(815301076,1909f56bfc062723c751e8b465ee728b)  -> (artifact id: '0723fb56a8f31709e7022798a0ecf433') in 0.003514 seconds
  Import took 0.005804 seconds .

========================================================================
Received Import Request.
  Time since last request: 0.129931 seconds.
  path: Assets/Models/Characters/Gargoyle.fbx
  artifactKey: Guid(d3312d02a690eda48bd6807bf5c78084) Importer(815301076,1909f56bfc062723c751e8b465ee728b)
Start importing Assets/Models/Characters/Gargoyle.fbx using Guid(d3312d02a690eda48bd6807bf5c78084) Importer(815301076,1909f56bfc062723c751e8b465ee728b)  -> (artifact id: '9fc7d765af0d6a0ee0296d2ad5d20c66') in 0.595639 seconds
  Import took 0.598243 seconds .

========================================================================
Received Import Request.
  Time since last request: 0.000365 seconds.
  path: Assets/Models/Characters/Ghost.fbx
  artifactKey: Guid(563ac48ff656d49478fd93213f4c0eb8) Importer(815301076,1909f56bfc062723c751e8b465ee728b)
Start importing Assets/Models/Characters/Ghost.fbx using Guid(563ac48ff656d49478fd93213f4c0eb8) Importer(815301076,1909f56bfc062723c751e8b465ee728b)  -> (artifact id: '4f10a3d80d544ed5523b7fb5cda5252f') in 0.180875 seconds
  Import took 0.183529 seconds .

========================================================================
Received Import Request.
  Time since last request: 0.000341 seconds.
  path: Assets/Models/Characters/JohnLemon.fbx
  artifactKey: Guid(b44f3940c4940544a8c2c6aee5fa086f) Importer(815301076,1909f56bfc062723c751e8b465ee728b)
Start importing Assets/Models/Characters/JohnLemon.fbx using Guid(b44f3940c4940544a8c2c6aee5fa086f) Importer(815301076,1909f56bfc062723c751e8b465ee728b)  -> (artifact id: '37c7d0e1ad0b3a6730a2420a9c28b06a') in 0.294795 seconds
  Import took 0.298804 seconds .

========================================================================
Received Import Request.
  Time since last request: 0.001595 seconds.
  path: Assets/Models/Characters/JohnLemon.fbx
  artifactKey: Guid(b44f3940c4940544a8c2c6aee5fa086f) Importer(815301076,1909f56bfc062723c751e8b465ee728b)
Start importing Assets/Models/Characters/JohnLemon.fbx using Guid(b44f3940c4940544a8c2c6aee5fa086f) Importer(815301076,1909f56bfc062723c751e8b465ee728b)  -> (artifact id: '37c7d0e1ad0b3a6730a2420a9c28b06a') in 0.036349 seconds
  Import took 0.039691 seconds .

========================================================================
Received Import Request.
  Time since last request: 2.628436 seconds.
  path: Assets/Prefabs/Level.prefab
  artifactKey: Guid(549c69af39b84624b8a053537c407def) Importer(815301076,1909f56bfc062723c751e8b465ee728b)
Start importing Assets/Prefabs/Level.prefab using Guid(549c69af39b84624b8a053537c407def) Importer(815301076,1909f56bfc062723c751e8b465ee728b)  -> (artifact id: '28067e275ff16a3e61d8c3741bbab9da') in 3.095786 seconds
  Import took 3.109468 seconds .

========================================================================
Received Import Request.
  Time since last request: 0.053636 seconds.
  path: Assets/Prefabs/Level.prefab
  artifactKey: Guid(549c69af39b84624b8a053537c407def) Importer(815301076,1909f56bfc062723c751e8b465ee728b)
Start importing Assets/Prefabs/Level.prefab using Guid(549c69af39b84624b8a053537c407def) Importer(815301076,1909f56bfc062723c751e8b465ee728b)  -> (artifact id: '28067e275ff16a3e61d8c3741bbab9da') in 0.208660 seconds
  Import took 0.221328 seconds .

========================================================================
Received Import Request.
  Time since last request: 0.000385 seconds.
  path: Assets/Prefabs/VFX
  artifactKey: Guid(bb0f3f794405f084d9976428bae80977) Importer(815301076,1909f56bfc062723c751e8b465ee728b)
Start importing Assets/Prefabs/VFX using Guid(bb0f3f794405f084d9976428bae80977) Importer(815301076,1909f56bfc062723c751e8b465ee728b)  -> (artifact id: 'eca87bec4cd7060acf4d0fd39b762ae5') in 0.002606 seconds
  Import took 0.004774 seconds .

========================================================================
Received Import Request.
  Time since last request: 0.000370 seconds.
  path: Assets/Prefabs/Environment
  artifactKey: Guid(0de8ecb26cbe0cc42824052a40e35836) Importer(815301076,1909f56bfc062723c751e8b465ee728b)
Start importing Assets/Prefabs/Environment using Guid(0de8ecb26cbe0cc42824052a40e35836) Importer(815301076,1909f56bfc062723c751e8b465ee728b)  -> (artifact id: '2a67aacc5633329b3e6f96b5651ef865') in 0.003800 seconds
  Import took 0.006148 seconds .

========================================================================
Received Import Request.
  Time since last request: 4.135522 seconds.
  path: Assets/Audio/SFXBuzzingLight.wav
  artifactKey: Guid(86e0f005f0b8e084698c2cf61bb6c2b6) Importer(815301076,1909f56bfc062723c751e8b465ee728b)
Start importing Assets/Audio/SFXBuzzingLight.wav using Guid(86e0f005f0b8e084698c2cf61bb6c2b6) Importer(815301076,1909f56bfc062723c751e8b465ee728b)  -> (artifact id: 'c576e85e458bbb87715e4cf8756757ab') in 0.020651 seconds
  Import took 0.023062 seconds .

========================================================================
Received Import Request.
  Time since last request: 0.000335 seconds.
  path: Assets/Audio/SFXHouseAmbience.wav
  artifactKey: Guid(205287722f2b6b64583b86d65fdeeb11) Importer(815301076,1909f56bfc062723c751e8b465ee728b)
Start importing Assets/Audio/SFXHouseAmbience.wav using Guid(205287722f2b6b64583b86d65fdeeb11) Importer(815301076,1909f56bfc062723c751e8b465ee728b)  -> (artifact id: 'ae5f49eb8f6850cce2c1313c29c01384') in 0.011043 seconds
  Import took 0.013835 seconds .

========================================================================
Received Import Request.
  Time since last request: 0.000296 seconds.
  path: Assets/Audio/SFXWin.wav
  artifactKey: Guid(c0f716a9e9ac00c438b95158ba195a58) Importer(815301076,1909f56bfc062723c751e8b465ee728b)
Start importing Assets/Audio/SFXWin.wav using Guid(c0f716a9e9ac00c438b95158ba195a58) Importer(815301076,1909f56bfc062723c751e8b465ee728b)  -> (artifact id: '6b1d21382dc68e77261ec3a52704d3ad') in 0.012798 seconds
  Import took 0.015359 seconds .

========================================================================
Received Import Request.
  Time since last request: 0.000331 seconds.
  path: Assets/Audio/SFXFootstepsLooping.wav
  artifactKey: Guid(07e520bb410492d47bf739846d70f2a3) Importer(815301076,1909f56bfc062723c751e8b465ee728b)
Start importing Assets/Audio/SFXFootstepsLooping.wav using Guid(07e520bb410492d47bf739846d70f2a3) Importer(815301076,1909f56bfc062723c751e8b465ee728b)  -> (artifact id: '682d195a885525fe856739f3e73122bf') in 0.011419 seconds
  Import took 0.014056 seconds .

========================================================================
Received Import Request.
  Time since last request: 0.000331 seconds.
  path: Assets/Audio/SFXGhostMove.wav
  artifactKey: Guid(98ea14dfdb9dce74a976520f134fd1a2) Importer(815301076,1909f56bfc062723c751e8b465ee728b)
Start importing Assets/Audio/SFXGhostMove.wav using Guid(98ea14dfdb9dce74a976520f134fd1a2) Importer(815301076,1909f56bfc062723c751e8b465ee728b)  -> (artifact id: '6c2bc1eaa4091b10efb50e5ec8237368') in 0.011486 seconds
  Import took 0.014186 seconds .

========================================================================
Received Import Request.
  Time since last request: 0.000283 seconds.
  path: Assets/Audio/SFXGameOver.wav
  artifactKey: Guid(2789d5ce62baaba4ab1ee8bb172304a6) Importer(815301076,1909f56bfc062723c751e8b465ee728b)
Start importing Assets/Audio/SFXGameOver.wav using Guid(2789d5ce62baaba4ab1ee8bb172304a6) Importer(815301076,1909f56bfc062723c751e8b465ee728b)  -> (artifact id: 'bb0b94f848465b77999cfc88a0276aa9') in 0.010531 seconds
  Import took 0.013766 seconds .

========================================================================
Received Import Request.
  Time since last request: 0.000302 seconds.
  path: Assets/Audio/SFXCandle.wav
  artifactKey: Guid(dd7f55e125ee8f947b2f399e20aeec8c) Importer(815301076,1909f56bfc062723c751e8b465ee728b)
Start importing Assets/Audio/SFXCandle.wav using Guid(dd7f55e125ee8f947b2f399e20aeec8c) Importer(815301076,1909f56bfc062723c751e8b465ee728b)  -> (artifact id: '0f9f84edebf643fae7fd5528fa6d7776') in 0.010389 seconds
  Import took 0.013761 seconds .

========================================================================
Received Import Request.
  Time since last request: 1.596143 seconds.
  path: Assets/Models/Corridor/CeilingPlane.fbx
  artifactKey: Guid(4aa23393587d7204bbc9f4a30599bf61) Importer(815301076,1909f56bfc062723c751e8b465ee728b)
Start importing Assets/Models/Corridor/CeilingPlane.fbx using Guid(4aa23393587d7204bbc9f4a30599bf61) Importer(815301076,1909f56bfc062723c751e8b465ee728b)  -> (artifact id: '0e2d6246a8ff3564e0c8728dbcb5797b') in 0.034795 seconds
  Import took 0.037637 seconds .

========================================================================
Received Import Request.
  Time since last request: 0.000260 seconds.
  path: Assets/Models/Corridor/PictureFrame_Wolf.FBX
  artifactKey: Guid(16359bd0c00e50e4580e93430782bac3) Importer(815301076,1909f56bfc062723c751e8b465ee728b)
Start importing Assets/Models/Corridor/PictureFrame_Wolf.FBX using Guid(16359bd0c00e50e4580e93430782bac3) Importer(815301076,1909f56bfc062723c751e8b465ee728b)  -> (artifact id: '8facbfdaacb8b31bda2ebdb4c2115b90') in 0.022002 seconds
  Import took 0.024278 seconds .

========================================================================
Received Import Request.
  Time since last request: 0.000330 seconds.
  path: Assets/Models/Corridor/Rug_Corridor.FBX
  artifactKey: Guid(16117d52108da314aaa138a6a9144186) Importer(815301076,1909f56bfc062723c751e8b465ee728b)
Start importing Assets/Models/Corridor/Rug_Corridor.FBX using Guid(16117d52108da314aaa138a6a9144186) Importer(815301076,1909f56bfc062723c751e8b465ee728b)  -> (artifact id: 'b891baec4c09d0a3b19bb197558c1ad2') in 0.020416 seconds
  Import took 0.023085 seconds .

========================================================================
Received Import Request.
  Time since last request: 0.000290 seconds.
  path: Assets/Models/Corridor/EndPost.FBX
  artifactKey: Guid(edf38c584e65ce74790703fba4fc33e4) Importer(815301076,1909f56bfc062723c751e8b465ee728b)
Start importing Assets/Models/Corridor/EndPost.FBX using Guid(edf38c584e65ce74790703fba4fc33e4) Importer(815301076,1909f56bfc062723c751e8b465ee728b)  -> (artifact id: 'fefdf28cbb0b09428047e90a618813e3') in 0.025373 seconds
  Import took 0.028473 seconds .

========================================================================
Received Import Request.
  Time since last request: 0.000392 seconds.
  path: Assets/Models/Corridor/Wall_Window_02.fbx
  artifactKey: Guid(5d88d553abd2ff741bbd24e9fb2ff861) Importer(815301076,1909f56bfc062723c751e8b465ee728b)
Start importing Assets/Models/Corridor/Wall_Window_02.fbx using Guid(5d88d553abd2ff741bbd24e9fb2ff861) Importer(815301076,1909f56bfc062723c751e8b465ee728b)  -> (artifact id: 'e6134ab8106589948a73f2b4771b9c22') in 0.028611 seconds
  Import took 0.031113 seconds .

========================================================================
Received Import Request.
  Time since last request: 0.000280 seconds.
  path: Assets/Models/Corridor/Wall_Windows_Straight.fbx
  artifactKey: Guid(1a07ed1dbd440384c89497a167bde353) Importer(815301076,1909f56bfc062723c751e8b465ee728b)
Start importing Assets/Models/Corridor/Wall_Windows_Straight.fbx using Guid(1a07ed1dbd440384c89497a167bde353) Importer(815301076,1909f56bfc062723c751e8b465ee728b)  -> (artifact id: '50c1f0c49088d2f6bad086695fe6906e') in 0.025529 seconds
  Import took 0.028050 seconds .

========================================================================
Received Import Request.
  Time since last request: 0.000327 seconds.
  path: Assets/Models/Corridor/Wall_Window_01.fbx
  artifactKey: Guid(2ab013d357382c5429b04e925bca86c9) Importer(815301076,1909f56bfc062723c751e8b465ee728b)
Start importing Assets/Models/Corridor/Wall_Window_01.fbx using Guid(2ab013d357382c5429b04e925bca86c9) Importer(815301076,1909f56bfc062723c751e8b465ee728b)  -> (artifact id: '67d2a7f920cc431576de130e7d36b9ab') in 0.021501 seconds
  Import took 0.024748 seconds .

========================================================================
Received Import Request.
  Time since last request: 0.000358 seconds.
  path: Assets/Models/Corridor/Wall_Straight_02.fbx
  artifactKey: Guid(241f3dc7f2ed74d40a90ce43df5e2f23) Importer(815301076,1909f56bfc062723c751e8b465ee728b)
Start importing Assets/Models/Corridor/Wall_Straight_02.fbx using Guid(241f3dc7f2ed74d40a90ce43df5e2f23) Importer(815301076,1909f56bfc062723c751e8b465ee728b)  -> (artifact id: '8a458378510af3fa2f20bbd6162798d6') in 0.026443 seconds
  Import took 0.028832 seconds .

========================================================================
Received Import Request.
  Time since last request: 0.000338 seconds.
  path: Assets/Models/Corridor/PictureFrame_CatLady.FBX
  artifactKey: Guid(913d61a5ca2d96d43ba1c709260d55a7) Importer(815301076,1909f56bfc062723c751e8b465ee728b)
Start importing Assets/Models/Corridor/PictureFrame_CatLady.FBX using Guid(913d61a5ca2d96d43ba1c709260d55a7) Importer(815301076,1909f56bfc062723c751e8b465ee728b)  -> (artifact id: '1d0336849aec226f85203a0e22889014') in 0.017970 seconds
  Import took 0.020763 seconds .

========================================================================
Received Import Request.
  Time since last request: 0.000304 seconds.
  path: Assets/Models/Corridor/Light.FBX
  artifactKey: Guid(fc0082b7f28474047b0d08e22d9a0a06) Importer(815301076,1909f56bfc062723c751e8b465ee728b)
Start importing Assets/Models/Corridor/Light.FBX using Guid(fc0082b7f28474047b0d08e22d9a0a06) Importer(815301076,1909f56bfc062723c751e8b465ee728b)  -> (artifact id: 'e9970616ce403426b8991ff3e74c5ab4') in 0.033134 seconds
  Import took 0.036062 seconds .

========================================================================
Received Import Request.
  Time since last request: 0.000359 seconds.
  path: Assets/Models/Corridor/Wall_Corner_Interior.fbx
  artifactKey: Guid(9da5aa368549f3e4883e3ca4b3ed05b8) Importer(815301076,1909f56bfc062723c751e8b465ee728b)
Start importing Assets/Models/Corridor/Wall_Corner_Interior.fbx using Guid(9da5aa368549f3e4883e3ca4b3ed05b8) Importer(815301076,1909f56bfc062723c751e8b465ee728b)  -> (artifact id: '9cf8692bbf6b6a80e5cda2a38161dbea') in 0.023631 seconds
  Import took 0.026078 seconds .

========================================================================
Received Import Request.
  Time since last request: 0.000280 seconds.
  path: Assets/Models/Corridor/Door.FBX
  artifactKey: Guid(4f50f81dc956a044fa3c905056d1cc4d) Importer(815301076,1909f56bfc062723c751e8b465ee728b)
Start importing Assets/Models/Corridor/Door.FBX using Guid(4f50f81dc956a044fa3c905056d1cc4d) Importer(815301076,1909f56bfc062723c751e8b465ee728b)  -> (artifact id: 'e66519a353e5be94bf10cded96a9f38f') in 0.018100 seconds
  Import took 0.020734 seconds .

========================================================================
Received Import Request.
  Time since last request: 0.000269 seconds.
  path: Assets/Models/Corridor/PictureFrame_GhostMan.FBX
  artifactKey: Guid(ff679918594d2cb44996e920ec16ca62) Importer(815301076,1909f56bfc062723c751e8b465ee728b)
Start importing Assets/Models/Corridor/PictureFrame_GhostMan.FBX using Guid(ff679918594d2cb44996e920ec16ca62) Importer(815301076,1909f56bfc062723c751e8b465ee728b)  -> (artifact id: '34ab7ab1afa9db99861f4bb56433564e') in 0.018475 seconds
  Import took 0.021627 seconds .

========================================================================
Received Import Request.
  Time since last request: 0.000395 seconds.
  path: Assets/Models/Corridor/Door.FBX
  artifactKey: Guid(4f50f81dc956a044fa3c905056d1cc4d) Importer(815301076,1909f56bfc062723c751e8b465ee728b)
Start importing Assets/Models/Corridor/Door.FBX using Guid(4f50f81dc956a044fa3c905056d1cc4d) Importer(815301076,1909f56bfc062723c751e8b465ee728b)  -> (artifact id: 'e66519a353e5be94bf10cded96a9f38f') in 0.017362 seconds
  Import took 0.020303 seconds .

========================================================================
Received Import Request.
  Time since last request: 0.000383 seconds.
  path: Assets/Models/Corridor/Wall_Corner_Exterior_In.fbx
  artifactKey: Guid(ce7c02c9dadf6a6469afbcc32ab786ca) Importer(815301076,1909f56bfc062723c751e8b465ee728b)
Start importing Assets/Models/Corridor/Wall_Corner_Exterior_In.fbx using Guid(ce7c02c9dadf6a6469afbcc32ab786ca) Importer(815301076,1909f56bfc062723c751e8b465ee728b)  -> (artifact id: '776a20a33750c76a70fcdc78683451ef') in 0.021074 seconds
  Import took 0.023588 seconds .

========================================================================
Received Import Request.
  Time since last request: 0.000271 seconds.
  path: Assets/Models/Corridor/Wall_Corner_Exterior_Out.fbx
  artifactKey: Guid(8a4dc94854ea93147b8b87b7df72a8c1) Importer(815301076,1909f56bfc062723c751e8b465ee728b)
Start importing Assets/Models/Corridor/Wall_Corner_Exterior_Out.fbx using Guid(8a4dc94854ea93147b8b87b7df72a8c1) Importer(815301076,1909f56bfc062723c751e8b465ee728b)  -> (artifact id: 'f356a6273b13681dcbd39a741419f413') in 0.024583 seconds
  Import took 0.027480 seconds .

========================================================================
Received Import Request.
  Time since last request: 0.000271 seconds.
  path: Assets/Models/Corridor/Wall_Straight_Exterior_01.fbx
  artifactKey: Guid(1d270d22136a7e64eabcf39aaaedb613) Importer(815301076,1909f56bfc062723c751e8b465ee728b)
Start importing Assets/Models/Corridor/Wall_Straight_Exterior_01.fbx using Guid(1d270d22136a7e64eabcf39aaaedb613) Importer(815301076,1909f56bfc062723c751e8b465ee728b)  -> (artifact id: 'e35facae304590b204ce57920dc82265') in 0.018252 seconds
  Import took 0.021028 seconds .

========================================================================
Received Import Request.
  Time since last request: 0.000410 seconds.
  path: Assets/Models/Corridor/FloorPlane.fbx
  artifactKey: Guid(79ec22444806b2e4dafc0b51ad057fa1) Importer(815301076,1909f56bfc062723c751e8b465ee728b)
Start importing Assets/Models/Corridor/FloorPlane.fbx using Guid(79ec22444806b2e4dafc0b51ad057fa1) Importer(815301076,1909f56bfc062723c751e8b465ee728b)  -> (artifact id: '0508662296fbf2e4c2976d9b992bb9c4') in 0.018184 seconds
  Import took 0.021432 seconds .

========================================================================
Received Import Request.
  Time since last request: 0.000326 seconds.
  path: Assets/Models/Corridor/Wall_Proto.fbx
  artifactKey: Guid(b65c279af989311408555e47592fb528) Importer(815301076,1909f56bfc062723c751e8b465ee728b)
Start importing Assets/Models/Corridor/Wall_Proto.fbx using Guid(b65c279af989311408555e47592fb528) Importer(815301076,1909f56bfc062723c751e8b465ee728b)  -> (artifact id: '344ce4e5b1516a2c5b0c2cab28e6d88e') in 0.019175 seconds
  Import took 0.022042 seconds .

========================================================================
Received Import Request.
  Time since last request: 0.000359 seconds.
  path: Assets/Models/Corridor/Wall_Straight_Exterior_03.fbx
  artifactKey: Guid(c11d870118a768c4e9205040e2d8503b) Importer(815301076,1909f56bfc062723c751e8b465ee728b)
Start importing Assets/Models/Corridor/Wall_Straight_Exterior_03.fbx using Guid(c11d870118a768c4e9205040e2d8503b) Importer(815301076,1909f56bfc062723c751e8b465ee728b)  -> (artifact id: '2bf1bc569fe52fa7a54dddc9e087ff4c') in 0.020156 seconds
  Import took 0.023067 seconds .

========================================================================
Received Import Request.
  Time since last request: 0.000423 seconds.
  path: Assets/Models/Corridor/Wall_Straight_Exterior_02.fbx
  artifactKey: Guid(6a0625cedbf7c6c4c8b9c31e537a9403) Importer(815301076,1909f56bfc062723c751e8b465ee728b)
Start importing Assets/Models/Corridor/Wall_Straight_Exterior_02.fbx using Guid(6a0625cedbf7c6c4c8b9c31e537a9403) Importer(815301076,1909f56bfc062723c751e8b465ee728b)  -> (artifact id: 'aa9387b28619e4283ed746fcf61c8c20') in 0.019580 seconds
  Import took 0.022899 seconds .

========================================================================
Received Import Request.
  Time since last request: 0.000299 seconds.
  path: Assets/Models/Corridor/PictureFrame_MrMan.FBX
  artifactKey: Guid(2a56ae9ef7aa4654a96f73bda9a4c2c6) Importer(815301076,1909f56bfc062723c751e8b465ee728b)
Start importing Assets/Models/Corridor/PictureFrame_MrMan.FBX using Guid(2a56ae9ef7aa4654a96f73bda9a4c2c6) Importer(815301076,1909f56bfc062723c751e8b465ee728b)  -> (artifact id: '3b6f16d8af9ad08e02914e6a57bc71e2') in 0.018173 seconds
  Import took 0.020906 seconds .

========================================================================
Received Import Request.
  Time since last request: 0.000345 seconds.
  path: Assets/Models/Corridor/PictureFrame_StraightThin.FBX
  artifactKey: Guid(2de78e17331d71b49bd26432f0301b13) Importer(815301076,1909f56bfc062723c751e8b465ee728b)
Start importing Assets/Models/Corridor/PictureFrame_StraightThin.FBX using Guid(2de78e17331d71b49bd26432f0301b13) Importer(815301076,1909f56bfc062723c751e8b465ee728b)  -> (artifact id: 'a9cfcafe48702774be7ecc48dd50a4be') in 0.019410 seconds
  Import took 0.023339 seconds .

========================================================================
Received Import Request.
  Time since last request: 0.000332 seconds.
  path: Assets/Models/Corridor/Wall_Straight_01.fbx
  artifactKey: Guid(ca04dfc6bbf3c2e4a9601d58495fff52) Importer(815301076,1909f56bfc062723c751e8b465ee728b)
Start importing Assets/Models/Corridor/Wall_Straight_01.fbx using Guid(ca04dfc6bbf3c2e4a9601d58495fff52) Importer(815301076,1909f56bfc062723c751e8b465ee728b)  -> (artifact id: '2f67424aa460c2df4954ba1606b6fd2f') in 0.022789 seconds
  Import took 0.025532 seconds .

========================================================================
Received Import Request.
  Time since last request: 0.000326 seconds.
  path: Assets/Models/Corridor/Wall_Straight_Exterior_04.fbx
  artifactKey: Guid(cb016b5198f6c0f488522ffdfe7f2cd0) Importer(815301076,1909f56bfc062723c751e8b465ee728b)
Start importing Assets/Models/Corridor/Wall_Straight_Exterior_04.fbx using Guid(cb016b5198f6c0f488522ffdfe7f2cd0) Importer(815301076,1909f56bfc062723c751e8b465ee728b)  -> (artifact id: '154fab779ef3b3352d4a48ae62f3700a') in 0.023473 seconds
  Import took 0.025829 seconds .

========================================================================
Received Import Request.
  Time since last request: 0.000300 seconds.
  path: Assets/Models/Corridor/PictureFrame_Curvy.FBX
  artifactKey: Guid(5fc70289fcf1df046a32d969758ff20c) Importer(815301076,1909f56bfc062723c751e8b465ee728b)
Start importing Assets/Models/Corridor/PictureFrame_Curvy.FBX using Guid(5fc70289fcf1df046a32d969758ff20c) Importer(815301076,1909f56bfc062723c751e8b465ee728b)  -> (artifact id: '2cc1fefa5181b6393aab984e5827702f') in 0.017503 seconds
  Import took 0.019966 seconds .

========================================================================
Received Prepare
Registering precompiled user dll's ...
Registered in 0.006321 seconds.
Begin MonoManager ReloadAssembly
Native extension for WindowsStandalone target not found
Native extension for WebGL target not found
Refreshing native plugins compatible for Editor in 0.43 ms, found 0 plugins.
Preloading 0 native plugins for Editor in 0.00 ms.
Mono: successfully reloaded assembly
- Completed reload, in  0.934 seconds
Platform modules already initialized, skipping
Refreshing native plugins compatible for Editor in 0.44 ms, found 0 plugins.
Preloading 0 native plugins for Editor in 0.00 ms.
Unloading 1616 Unused Serialized files (Serialized files now loaded: 0)
System memory in use before: 155.3 MB.
System memory in use after: 153.4 MB.

Unloading 55 unused Assets to reduce memory usage. Loaded Objects now: 2085.
Total: 2.329100 ms (FindLiveObjects: 0.172800 ms CreateObjectMapping: 0.042300 ms MarkObjects: 1.591300 ms  DeleteObjects: 0.520800 ms)

========================================================================
Received Import Request.
  Time since last request: 173.576836 seconds.
  path: Assets/Models/Bedroom/Bed.FBX
  artifactKey: Guid(eede23dbd9838a3408d728dbd8496a8c) Importer(815301076,1909f56bfc062723c751e8b465ee728b)
Start importing Assets/Models/Bedroom/Bed.FBX using Guid(eede23dbd9838a3408d728dbd8496a8c) Importer(815301076,1909f56bfc062723c751e8b465ee728b)  -> (artifact id: '84b3e6f0ac8753b4a931101d9c04fa99') in 0.059336 seconds
  Import took 0.062040 seconds .

========================================================================
Received Import Request.
  Time since last request: 0.000334 seconds.
  path: Assets/Models/Bedroom/Wardrobe.fbx
  artifactKey: Guid(0d1a084dedf18a344a48599b075521ec) Importer(815301076,1909f56bfc062723c751e8b465ee728b)
Start importing Assets/Models/Bedroom/Wardrobe.fbx using Guid(0d1a084dedf18a344a48599b075521ec) Importer(815301076,1909f56bfc062723c751e8b465ee728b)  -> (artifact id: '219ef078ff42d9351669289e76d0376e') in 0.019890 seconds
  Import took 0.022366 seconds .

========================================================================
Received Import Request.
  Time since last request: 0.000241 seconds.
  path: Assets/Models/Bedroom/Bedside_Table.fbx
  artifactKey: Guid(03826036ee9ac8e4d8ca68be8431cab3) Importer(815301076,1909f56bfc062723c751e8b465ee728b)
Start importing Assets/Models/Bedroom/Bedside_Table.fbx using Guid(03826036ee9ac8e4d8ca68be8431cab3) Importer(815301076,1909f56bfc062723c751e8b465ee728b)  -> (artifact id: '94f29074e9b6b13fc7bbb87311dfee01') in 0.025515 seconds
  Import took 0.027971 seconds .

========================================================================
Received Import Request.
  Time since last request: 5.616958 seconds.
  path: Assets/Prefabs/JohnLemon.prefab
  artifactKey: Guid(72f4f08f723c1b34abe75ac9292f4121) Importer(815301076,1909f56bfc062723c751e8b465ee728b)
Start importing Assets/Prefabs/JohnLemon.prefab using Guid(72f4f08f723c1b34abe75ac9292f4121) Importer(815301076,1909f56bfc062723c751e8b465ee728b)  -> (artifact id: '939ea8790624568c75402e942d3411d1') in 0.019707 seconds
  Import took 0.022639 seconds .

========================================================================
Received Import Request.
  Time since last request: 0.013613 seconds.
  path: Assets/Prefabs/JohnLemon.prefab
  artifactKey: Guid(72f4f08f723c1b34abe75ac9292f4121) Importer(815301076,1909f56bfc062723c751e8b465ee728b)
Start importing Assets/Prefabs/JohnLemon.prefab using Guid(72f4f08f723c1b34abe75ac9292f4121) Importer(815301076,1909f56bfc062723c751e8b465ee728b)  -> (artifact id: '939ea8790624568c75402e942d3411d1') in 0.018503 seconds
  Import took 0.021578 seconds .

========================================================================
Received Import Request.
  Time since last request: 49.604098 seconds.
  path: Assets/Animation/Animators
  artifactKey: Guid(3e1ff1aa196645e4a912d1c3bb76a860) Importer(815301076,1909f56bfc062723c751e8b465ee728b)
Start importing Assets/Animation/Animators using Guid(3e1ff1aa196645e4a912d1c3bb76a860) Importer(815301076,1909f56bfc062723c751e8b465ee728b)  -> (artifact id: '1daa1a30d701ae7ace3435f2a91fe568') in 0.004376 seconds
  Import took 0.006725 seconds .

========================================================================
Received Import Request.
  Time since last request: 18.831777 seconds.
  path: Assets/Animation/Animators/New Animator Controller.controller
  artifactKey: Guid(b73fd806210e6a74f8b33d48b5b1750a) Importer(815301076,1909f56bfc062723c751e8b465ee728b)
Start importing Assets/Animation/Animators/New Animator Controller.controller using Guid(b73fd806210e6a74f8b33d48b5b1750a) Importer(815301076,1909f56bfc062723c751e8b465ee728b)  -> (artifact id: '49b86757c90e1325fddcb73a815bd371') in 0.015082 seconds
  Import took 0.017860 seconds .

========================================================================
Received Import Request.
  Time since last request: 4.448355 seconds.
  path: Assets/Animation/Animators/JohnLemon.controller
  artifactKey: Guid(b73fd806210e6a74f8b33d48b5b1750a) Importer(815301076,1909f56bfc062723c751e8b465ee728b)
Start importing Assets/Animation/Animators/JohnLemon.controller using Guid(b73fd806210e6a74f8b33d48b5b1750a) Importer(815301076,1909f56bfc062723c751e8b465ee728b)  -> (artifact id: '396b15f64849953b9e25301ffbbb847e') in 0.004262 seconds
  Import took 0.007572 seconds .

========================================================================
Received Import Request.
  Time since last request: 164.622827 seconds.
  path: Assets/Animation/Animation/Gargoyle@Idle.fbx
  artifactKey: Guid(475d389e70692ca4abb09caca1aef9ae) Importer(815301076,1909f56bfc062723c751e8b465ee728b)
Start importing Assets/Animation/Animation/Gargoyle@Idle.fbx using Guid(475d389e70692ca4abb09caca1aef9ae) Importer(815301076,1909f56bfc062723c751e8b465ee728b)  -> (artifact id: '6d0068c0c2bbc38ef185e2e4f5522ddc') in 0.031630 seconds
  Import took 0.035683 seconds .

========================================================================
Received Import Request.
  Time since last request: 0.000295 seconds.
  path: Assets/Animation/Animation/John@Idle.fbx
  artifactKey: Guid(873202b19b03a8a4e976f0b15d21cd24) Importer(815301076,1909f56bfc062723c751e8b465ee728b)
Start importing Assets/Animation/Animation/John@Idle.fbx using Guid(873202b19b03a8a4e976f0b15d21cd24) Importer(815301076,1909f56bfc062723c751e8b465ee728b)  -> (artifact id: '194c72f7c81ea5db0b61f43afbd9e3ad') in 0.028955 seconds
  Import took 0.031618 seconds .

========================================================================
Received Import Request.
  Time since last request: 0.000539 seconds.
  path: Assets/Animation/Animation/Ghost@Walk.fbx
  artifactKey: Guid(2017cad317b564c409a9e5bd02341461) Importer(815301076,1909f56bfc062723c751e8b465ee728b)
Start importing Assets/Animation/Animation/Ghost@Walk.fbx using Guid(2017cad317b564c409a9e5bd02341461) Importer(815301076,1909f56bfc062723c751e8b465ee728b)  -> (artifact id: 'fd83844369b759dc48c0430ba68cf368') in 0.022496 seconds
  Import took 0.024856 seconds .

========================================================================
Received Import Request.
  Time since last request: 0.000340 seconds.
  path: Assets/Animation/Animation/John@Walk.fbx
  artifactKey: Guid(da1625e6a723d1745a6ba7f6565a130f) Importer(815301076,1909f56bfc062723c751e8b465ee728b)
Start importing Assets/Animation/Animation/John@Walk.fbx using Guid(da1625e6a723d1745a6ba7f6565a130f) Importer(815301076,1909f56bfc062723c751e8b465ee728b)  -> (artifact id: '29f4443f9571f75851bc9f9d5697c37f') in 0.025124 seconds
  Import took 0.027814 seconds .

========================================================================
Received Import Request.
  Time since last request: 0.000348 seconds.
  path: Assets/Animation/Animation/Ghost@Walk.fbx
  artifactKey: Guid(2017cad317b564c409a9e5bd02341461) Importer(815301076,1909f56bfc062723c751e8b465ee728b)
Start importing Assets/Animation/Animation/Ghost@Walk.fbx using Guid(2017cad317b564c409a9e5bd02341461) Importer(815301076,1909f56bfc062723c751e8b465ee728b)  -> (artifact id: 'fd83844369b759dc48c0430ba68cf368') in 0.021812 seconds
  Import took 0.024162 seconds .

========================================================================
Received Import Request.
  Time since last request: 0.000382 seconds.
  path: Assets/Animation/Animation/Ghost@Shower.fbx
  artifactKey: Guid(4c7b6999390a2c24498d13e4084b200f) Importer(815301076,1909f56bfc062723c751e8b465ee728b)
Start importing Assets/Animation/Animation/Ghost@Shower.fbx using Guid(4c7b6999390a2c24498d13e4084b200f) Importer(815301076,1909f56bfc062723c751e8b465ee728b)  -> (artifact id: '54753d4e6cfcb67840f9e72518c44440') in 0.022928 seconds
  Import took 0.025460 seconds .

========================================================================
Received Prepare
Registering precompiled user dll's ...
Registered in 0.005182 seconds.
Begin MonoManager ReloadAssembly
Native extension for WindowsStandalone target not found
Native extension for WebGL target not found
Refreshing native plugins compatible for Editor in 0.41 ms, found 0 plugins.
Preloading 0 native plugins for Editor in 0.00 ms.
Mono: successfully reloaded assembly
- Completed reload, in  0.696 seconds
Platform modules already initialized, skipping
Refreshing native plugins compatible for Editor in 0.40 ms, found 0 plugins.
Preloading 0 native plugins for Editor in 0.00 ms.
Unloading 1613 Unused Serialized files (Serialized files now loaded: 0)
System memory in use before: 155.1 MB.
System memory in use after: 153.1 MB.

Unloading 56 unused Assets to reduce memory usage. Loaded Objects now: 2089.
Total: 1.969300 ms (FindLiveObjects: 0.210500 ms CreateObjectMapping: 0.035800 ms MarkObjects: 1.209200 ms  DeleteObjects: 0.512400 ms)

========================================================================
Received Import Request.
  Time since last request: 717.046322 seconds.
  path: Assets/Prefabs/JohnLemon.prefab
  artifactKey: Guid(72f4f08f723c1b34abe75ac9292f4121) Importer(815301076,1909f56bfc062723c751e8b465ee728b)
Start importing Assets/Prefabs/JohnLemon.prefab using Guid(72f4f08f723c1b34abe75ac9292f4121) Importer(815301076,1909f56bfc062723c751e8b465ee728b)  -> (artifact id: '0c9e1a1726cd292638f8b4c30c092053') in 0.056703 seconds
  Import took 0.059333 seconds .

========================================================================
Received Import Request.
  Time since last request: 384.937707 seconds.
  path: Assets/Scripts
  artifactKey: Guid(4b32d296f22ef544caf49758d8111991) Importer(815301076,1909f56bfc062723c751e8b465ee728b)
Start importing Assets/Scripts using Guid(4b32d296f22ef544caf49758d8111991) Importer(815301076,1909f56bfc062723c751e8b465ee728b)  -> (artifact id: '8f20994da9b2062785a09ddbc6e8d33e') in 0.004060 seconds
  Import took 0.007227 seconds .

========================================================================
Received Import Request.
  Time since last request: 6.648904 seconds.
  path: Assets/Scripts/PlayerMovement.cs
  artifactKey: Guid(a3e17fe639d3ec849b1ba38faed5e68b) Importer(815301076,1909f56bfc062723c751e8b465ee728b)
Start importing Assets/Scripts/PlayerMovement.cs using Guid(a3e17fe639d3ec849b1ba38faed5e68b) Importer(815301076,1909f56bfc062723c751e8b465ee728b)  -> (artifact id: '82b22bcaff1e8efa9cd8341980bfc570') in 0.007263 seconds
  Import took 0.010821 seconds .

========================================================================
Received Prepare
Registering precompiled user dll's ...
Registered in 0.003024 seconds.
Begin MonoManager ReloadAssembly
Native extension for WindowsStandalone target not found
Native extension for WebGL target not found
Refreshing native plugins compatible for Editor in 0.36 ms, found 0 plugins.
Preloading 0 native plugins for Editor in 0.00 ms.
Mono: successfully reloaded assembly
- Completed reload, in  0.667 seconds
Platform modules already initialized, skipping
Refreshing native plugins compatible for Editor in 0.36 ms, found 0 plugins.
Preloading 0 native plugins for Editor in 0.00 ms.
Unloading 1614 Unused Serialized files (Serialized files now loaded: 0)
System memory in use before: 155.1 MB.
System memory in use after: 153.1 MB.

Unloading 55 unused Assets to reduce memory usage. Loaded Objects now: 2094.
Total: 2.433100 ms (FindLiveObjects: 0.274000 ms CreateObjectMapping: 0.039500 ms MarkObjects: 1.584600 ms  DeleteObjects: 0.533500 ms)

========================================================================
Received Prepare
Registering precompiled user dll's ...
Registered in 0.004377 seconds.
Begin MonoManager ReloadAssembly
Native extension for WindowsStandalone target not found
Native extension for WebGL target not found
Refreshing native plugins compatible for Editor in 0.46 ms, found 0 plugins.
Preloading 0 native plugins for Editor in 0.00 ms.
Mono: successfully reloaded assembly
- Completed reload, in  0.773 seconds
Platform modules already initialized, skipping
Refreshing native plugins compatible for Editor in 0.44 ms, found 0 plugins.
Preloading 0 native plugins for Editor in 0.00 ms.
Unloading 1614 Unused Serialized files (Serialized files now loaded: 0)
System memory in use before: 155.2 MB.
System memory in use after: 153.2 MB.

Unloading 55 unused Assets to reduce memory usage. Loaded Objects now: 2097.
Total: 2.385900 ms (FindLiveObjects: 0.273200 ms CreateObjectMapping: 0.048600 ms MarkObjects: 1.483300 ms  DeleteObjects: 0.578600 ms)

========================================================================
Received Import Request.
  Time since last request: 889.103245 seconds.
  path: Assets/Scripts/PlayerMovement.cs
  artifactKey: Guid(a3e17fe639d3ec849b1ba38faed5e68b) Importer(815301076,1909f56bfc062723c751e8b465ee728b)
Start importing Assets/Scripts/PlayerMovement.cs using Guid(a3e17fe639d3ec849b1ba38faed5e68b) Importer(815301076,1909f56bfc062723c751e8b465ee728b)  -> (artifact id: '4eea7af4a1aa9c82ca1e9fb0d560e1b5') in 0.005006 seconds
  Import took 0.007382 seconds .

========================================================================
Received Prepare
Registering precompiled user dll's ...
Registered in 0.002885 seconds.
Begin MonoManager ReloadAssembly
Native extension for WindowsStandalone target not found
Native extension for WebGL target not found
Refreshing native plugins compatible for Editor in 0.74 ms, found 0 plugins.
Preloading 0 native plugins for Editor in 0.00 ms.
Mono: successfully reloaded assembly
- Completed reload, in  0.766 seconds
Platform modules already initialized, skipping
Refreshing native plugins compatible for Editor in 0.40 ms, found 0 plugins.
Preloading 0 native plugins for Editor in 0.00 ms.
Unloading 1614 Unused Serialized files (Serialized files now loaded: 0)
System memory in use before: 155.2 MB.
System memory in use after: 153.2 MB.

Unloading 55 unused Assets to reduce memory usage. Loaded Objects now: 2100.
Total: 1.992800 ms (FindLiveObjects: 0.186800 ms CreateObjectMapping: 0.060500 ms MarkObjects: 1.193700 ms  DeleteObjects: 0.550400 ms)

========================================================================
Received Import Request.
  Time since last request: 81.171832 seconds.
  path: Assets/Prefabs/JohnLemon.prefab
  artifactKey: Guid(72f4f08f723c1b34abe75ac9292f4121) Importer(815301076,1909f56bfc062723c751e8b465ee728b)
Start importing Assets/Prefabs/JohnLemon.prefab using Guid(72f4f08f723c1b34abe75ac9292f4121) Importer(815301076,1909f56bfc062723c751e8b465ee728b)  -> (artifact id: '6037b5d020ddab15389cb19128ceb645') in 0.059978 seconds
  Import took 0.063048 seconds .

========================================================================
Received Prepare
Registering precompiled user dll's ...
Registered in 0.002816 seconds.
Begin MonoManager ReloadAssembly
Native extension for WindowsStandalone target not found
Native extension for WebGL target not found
Refreshing native plugins compatible for Editor in 0.37 ms, found 0 plugins.
Preloading 0 native plugins for Editor in 0.00 ms.
Mono: successfully reloaded assembly
- Completed reload, in  0.680 seconds
Platform modules already initialized, skipping
Refreshing native plugins compatible for Editor in 0.36 ms, found 0 plugins.
Preloading 0 native plugins for Editor in 0.00 ms.
Unloading 1614 Unused Serialized files (Serialized files now loaded: 0)
System memory in use before: 155.1 MB.
System memory in use after: 153.2 MB.

Unloading 55 unused Assets to reduce memory usage. Loaded Objects now: 2104.
Total: 2.403800 ms (FindLiveObjects: 0.265000 ms CreateObjectMapping: 0.089400 ms MarkObjects: 1.512500 ms  DeleteObjects: 0.535600 ms)

========================================================================
Received Prepare
Registering precompiled user dll's ...
Registered in 0.003418 seconds.
Begin MonoManager ReloadAssembly
Native extension for WindowsStandalone target not found
Native extension for WebGL target not found
Refreshing native plugins compatible for Editor in 0.38 ms, found 0 plugins.
Preloading 0 native plugins for Editor in 0.00 ms.
Mono: successfully reloaded assembly
- Completed reload, in  0.642 seconds
Platform modules already initialized, skipping
Refreshing native plugins compatible for Editor in 0.72 ms, found 0 plugins.
Preloading 0 native plugins for Editor in 0.00 ms.
Unloading 1613 Unused Serialized files (Serialized files now loaded: 0)
System memory in use before: 155.2 MB.
System memory in use after: 153.2 MB.

Unloading 56 unused Assets to reduce memory usage. Loaded Objects now: 2106.
Total: 2.744600 ms (FindLiveObjects: 0.428600 ms CreateObjectMapping: 0.048800 ms MarkObjects: 1.464100 ms  DeleteObjects: 0.802200 ms)

========================================================================
Received Import Request.
  Time since last request: 79.092381 seconds.
  path: Assets/Prefabs
  artifactKey: Guid(9b0f9186b9caf554f82133b3d58436ef) Importer(815301076,1909f56bfc062723c751e8b465ee728b)
Start importing Assets/Prefabs using Guid(9b0f9186b9caf554f82133b3d58436ef) Importer(815301076,1909f56bfc062723c751e8b465ee728b)  -> (artifact id: '0775adae37f32c833c57d321983b0ee9') in 0.009517 seconds
  Import took 0.012230 seconds .

========================================================================
Received Import Request.
  Time since last request: 39.434449 seconds.
  path: Assets/Scripts/PlayerMovement.cs
  artifactKey: Guid(31a72cfb33e252f4089679f297b9f7ea) Importer(815301076,1909f56bfc062723c751e8b465ee728b)
Start importing Assets/Scripts/PlayerMovement.cs using Guid(31a72cfb33e252f4089679f297b9f7ea) Importer(815301076,1909f56bfc062723c751e8b465ee728b)  -> (artifact id: '333005e75ef7eff942df490f131e1cc4') in 0.004927 seconds
  Import took 0.010495 seconds .

========================================================================
Received Prepare
Registering precompiled user dll's ...
Registered in 0.002905 seconds.
Begin MonoManager ReloadAssembly
Native extension for WindowsStandalone target not found
Native extension for WebGL target not found
Refreshing native plugins compatible for Editor in 0.37 ms, found 0 plugins.
Preloading 0 native plugins for Editor in 0.00 ms.
Mono: successfully reloaded assembly
- Completed reload, in  0.780 seconds
Platform modules already initialized, skipping
Refreshing native plugins compatible for Editor in 0.47 ms, found 0 plugins.
Preloading 0 native plugins for Editor in 0.00 ms.
Unloading 1614 Unused Serialized files (Serialized files now loaded: 0)
System memory in use before: 155.2 MB.
System memory in use after: 153.2 MB.

Unloading 55 unused Assets to reduce memory usage. Loaded Objects now: 2110.
Total: 2.568700 ms (FindLiveObjects: 0.189600 ms CreateObjectMapping: 0.043700 ms MarkObjects: 1.779700 ms  DeleteObjects: 0.554400 ms)

========================================================================
Received Prepare
Registering precompiled user dll's ...
Registered in 0.003010 seconds.
Begin MonoManager ReloadAssembly
Native extension for WindowsStandalone target not found
Native extension for WebGL target not found
Refreshing native plugins compatible for Editor in 0.56 ms, found 0 plugins.
Preloading 0 native plugins for Editor in 0.00 ms.
Mono: successfully reloaded assembly
- Completed reload, in  0.725 seconds
Platform modules already initialized, skipping
Refreshing native plugins compatible for Editor in 0.44 ms, found 0 plugins.
Preloading 0 native plugins for Editor in 0.00 ms.
Unloading 1614 Unused Serialized files (Serialized files now loaded: 0)
System memory in use before: 155.2 MB.
System memory in use after: 153.2 MB.

Unloading 55 unused Assets to reduce memory usage. Loaded Objects now: 2113.
Total: 2.220000 ms (FindLiveObjects: 0.265200 ms CreateObjectMapping: 0.036300 ms MarkObjects: 1.393700 ms  DeleteObjects: 0.523600 ms)

========================================================================
Received Import Request.
  Time since last request: 418.150415 seconds.
  path: Assets/Scripts/PlayerMovement.cs
  artifactKey: Guid(31a72cfb33e252f4089679f297b9f7ea) Importer(815301076,1909f56bfc062723c751e8b465ee728b)
Start importing Assets/Scripts/PlayerMovement.cs using Guid(31a72cfb33e252f4089679f297b9f7ea) Importer(815301076,1909f56bfc062723c751e8b465ee728b)  -> (artifact id: '59edfe47e832e1a0b4e6638ad0e6d2e0') in 0.004778 seconds
  Import took 0.006963 seconds .

========================================================================
Received Prepare
Registering precompiled user dll's ...
Registered in 0.005585 seconds.
Begin MonoManager ReloadAssembly
Native extension for WindowsStandalone target not found
Native extension for WebGL target not found
Refreshing native plugins compatible for Editor in 0.69 ms, found 0 plugins.
Preloading 0 native plugins for Editor in 0.00 ms.
Mono: successfully reloaded assembly
- Completed reload, in  1.292 seconds
Platform modules already initialized, skipping
Refreshing native plugins compatible for Editor in 0.60 ms, found 0 plugins.
Preloading 0 native plugins for Editor in 0.00 ms.
Unloading 1614 Unused Serialized files (Serialized files now loaded: 0)
System memory in use before: 155.2 MB.
System memory in use after: 153.2 MB.

Unloading 55 unused Assets to reduce memory usage. Loaded Objects now: 2116.
Total: 3.936800 ms (FindLiveObjects: 0.279000 ms CreateObjectMapping: 0.067200 ms MarkObjects: 2.485900 ms  DeleteObjects: 1.101300 ms)

========================================================================
Received Import Request.
  Time since last request: 307.735981 seconds.
  path: Assets/Scenes/MainScene.unity
  artifactKey: Guid(9fc0d4010bbf28b4594072e72b8655ab) Importer(815301076,1909f56bfc062723c751e8b465ee728b)
Start importing Assets/Scenes/MainScene.unity using Guid(9fc0d4010bbf28b4594072e72b8655ab) Importer(815301076,1909f56bfc062723c751e8b465ee728b)  -> (artifact id: '3202872d5992591010ac3a74e39527ef') in 0.011663 seconds
  Import took 0.014475 seconds .

========================================================================
Received Import Request.
  Time since last request: 0.000764 seconds.
  path: Assets/Scenes/MainScene.unity
  artifactKey: Guid(9fc0d4010bbf28b4594072e72b8655ab) Importer(815301076,1909f56bfc062723c751e8b465ee728b)
Start importing Assets/Scenes/MainScene.unity using Guid(9fc0d4010bbf28b4594072e72b8655ab) Importer(815301076,1909f56bfc062723c751e8b465ee728b)  -> (artifact id: '3202872d5992591010ac3a74e39527ef') in 0.004785 seconds
  Import took 0.007854 seconds .

========================================================================
Received Import Request.
  Time since last request: 10.217046 seconds.
  path: Assets/Scenes/SampleScene.unity
  artifactKey: Guid(b302a04445b327747b98209c83e689ac) Importer(815301076,1909f56bfc062723c751e8b465ee728b)
Start importing Assets/Scenes/SampleScene.unity using Guid(b302a04445b327747b98209c83e689ac) Importer(815301076,1909f56bfc062723c751e8b465ee728b)  -> (artifact id: '7eff98ba61dec8227b895076e186f40f') in 0.004580 seconds
  Import took 0.007710 seconds .

========================================================================
Received Import Request.
  Time since last request: 4.087137 seconds.
  path: Assets/Scenes/MainScene.unity
  artifactKey: Guid(9fc0d4010bbf28b4594072e72b8655ab) Importer(815301076,1909f56bfc062723c751e8b465ee728b)
Start importing Assets/Scenes/MainScene.unity using Guid(9fc0d4010bbf28b4594072e72b8655ab) Importer(815301076,1909f56bfc062723c751e8b465ee728b)  -> (artifact id: 'c1b4119a23b5b248a3f9a9ad4b0075c9') in 0.004325 seconds
  Import took 0.007994 seconds .

========================================================================
Received Prepare
Registering precompiled user dll's ...
Registered in 0.003258 seconds.
Begin MonoManager ReloadAssembly
Native extension for WindowsStandalone target not found
Native extension for WebGL target not found
Refreshing native plugins compatible for Editor in 0.39 ms, found 0 plugins.
Preloading 0 native plugins for Editor in 0.00 ms.
Mono: successfully reloaded assembly
- Completed reload, in  0.682 seconds
Platform modules already initialized, skipping
Refreshing native plugins compatible for Editor in 0.39 ms, found 0 plugins.
Preloading 0 native plugins for Editor in 0.00 ms.
Unloading 1614 Unused Serialized files (Serialized files now loaded: 0)
System memory in use before: 155.2 MB.
System memory in use after: 153.3 MB.

Unloading 55 unused Assets to reduce memory usage. Loaded Objects now: 2119.
Total: 2.213500 ms (FindLiveObjects: 0.232800 ms CreateObjectMapping: 0.068900 ms MarkObjects: 1.323800 ms  DeleteObjects: 0.586700 ms)

========================================================================
Received Prepare
Registering precompiled user dll's ...
Registered in 0.003134 seconds.
Begin MonoManager ReloadAssembly
Native extension for WindowsStandalone target not found
Native extension for WebGL target not found
Refreshing native plugins compatible for Editor in 0.38 ms, found 0 plugins.
Preloading 0 native plugins for Editor in 0.00 ms.
Mono: successfully reloaded assembly
- Completed reload, in  0.651 seconds
Platform modules already initialized, skipping
Refreshing native plugins compatible for Editor in 0.38 ms, found 0 plugins.
Preloading 0 native plugins for Editor in 0.00 ms.
Unloading 1614 Unused Serialized files (Serialized files now loaded: 0)
System memory in use before: 155.2 MB.
System memory in use after: 153.2 MB.

Unloading 55 unused Assets to reduce memory usage. Loaded Objects now: 2122.
Total: 2.354100 ms (FindLiveObjects: 0.203200 ms CreateObjectMapping: 0.034100 ms MarkObjects: 1.387500 ms  DeleteObjects: 0.728300 ms)

========================================================================
Received Import Request.
  Time since last request: 720.696327 seconds.
  path: Assets/Prefabs/Level.prefab
  artifactKey: Guid(549c69af39b84624b8a053537c407def) Importer(815301076,1909f56bfc062723c751e8b465ee728b)
Start importing Assets/Prefabs/Level.prefab using Guid(549c69af39b84624b8a053537c407def) Importer(815301076,1909f56bfc062723c751e8b465ee728b)  -> (artifact id: '984cc04999501e89c23b1f8c2e2622d5') in 0.338795 seconds
  Import took 0.353459 seconds .

========================================================================
Received Import Request.
  Time since last request: 502.099295 seconds.
  path: Assets/Scenes/MainScene.unity
  artifactKey: Guid(9fc0d4010bbf28b4594072e72b8655ab) Importer(815301076,1909f56bfc062723c751e8b465ee728b)
Start importing Assets/Scenes/MainScene.unity using Guid(9fc0d4010bbf28b4594072e72b8655ab) Importer(815301076,1909f56bfc062723c751e8b465ee728b)  -> (artifact id: '0ac50cc8ba7190e2af23ccba7d3d1239') in 0.014151 seconds
  Import took 0.017499 seconds .

========================================================================
Received Import Request.
  Time since last request: 2.189851 seconds.
  path: Assets/Scenes/MainScene
  artifactKey: Guid(6bbd3e98ba63d7b4a8e3e1c94236ada9) Importer(815301076,1909f56bfc062723c751e8b465ee728b)
Start importing Assets/Scenes/MainScene using Guid(6bbd3e98ba63d7b4a8e3e1c94236ada9) Importer(815301076,1909f56bfc062723c751e8b465ee728b)  -> (artifact id: 'bb32d3a00e4764871359923be5d5c406') in 0.004903 seconds
  Import took 0.008678 seconds .

========================================================================
Received Prepare
Registering precompiled user dll's ...
Registered in 0.002821 seconds.
Begin MonoManager ReloadAssembly
Native extension for WindowsStandalone target not found
Native extension for WebGL target not found
Refreshing native plugins compatible for Editor in 0.41 ms, found 0 plugins.
Preloading 0 native plugins for Editor in 0.00 ms.
Mono: successfully reloaded assembly
- Completed reload, in  0.720 seconds
Platform modules already initialized, skipping
Refreshing native plugins compatible for Editor in 0.53 ms, found 0 plugins.
Preloading 0 native plugins for Editor in 0.00 ms.
Unloading 1614 Unused Serialized files (Serialized files now loaded: 0)
System memory in use before: 155.5 MB.
System memory in use after: 153.5 MB.

Unloading 55 unused Assets to reduce memory usage. Loaded Objects now: 2126.
Total: 2.607500 ms (FindLiveObjects: 0.146800 ms CreateObjectMapping: 0.048400 ms MarkObjects: 1.844000 ms  DeleteObjects: 0.567000 ms)

========================================================================
Received Prepare
Registering precompiled user dll's ...
Registered in 0.002628 seconds.
Begin MonoManager ReloadAssembly
Native extension for WindowsStandalone target not found
Native extension for WebGL target not found
Refreshing native plugins compatible for Editor in 0.40 ms, found 0 plugins.
Preloading 0 native plugins for Editor in 0.00 ms.
Mono: successfully reloaded assembly
- Completed reload, in  0.698 seconds
Platform modules already initialized, skipping
Refreshing native plugins compatible for Editor in 0.35 ms, found 0 plugins.
Preloading 0 native plugins for Editor in 0.00 ms.
Unloading 1614 Unused Serialized files (Serialized files now loaded: 0)
System memory in use before: 155.5 MB.
System memory in use after: 153.5 MB.

Unloading 55 unused Assets to reduce memory usage. Loaded Objects now: 2129.
Total: 1.988600 ms (FindLiveObjects: 0.135300 ms CreateObjectMapping: 0.026900 ms MarkObjects: 1.276700 ms  DeleteObjects: 0.548300 ms)

========================================================================
Received Prepare
Registering precompiled user dll's ...
Registered in 0.002936 seconds.
Begin MonoManager ReloadAssembly
Native extension for WindowsStandalone target not found
Native extension for WebGL target not found
Refreshing native plugins compatible for Editor in 0.39 ms, found 0 plugins.
Preloading 0 native plugins for Editor in 0.00 ms.
Mono: successfully reloaded assembly
- Completed reload, in  0.651 seconds
Platform modules already initialized, skipping
Refreshing native plugins compatible for Editor in 0.34 ms, found 0 plugins.
Preloading 0 native plugins for Editor in 0.00 ms.
Unloading 1614 Unused Serialized files (Serialized files now loaded: 0)
System memory in use before: 155.5 MB.
System memory in use after: 153.5 MB.

Unloading 55 unused Assets to reduce memory usage. Loaded Objects now: 2132.
Total: 2.537600 ms (FindLiveObjects: 0.254900 ms CreateObjectMapping: 0.056800 ms MarkObjects: 1.700100 ms  DeleteObjects: 0.524600 ms)

========================================================================
Received Import Request.
  Time since last request: 900.990384 seconds.
  path: ProjectSettings/TagManager.asset
  artifactKey: Guid(00000000000000003000000000000000) Importer(815301076,1909f56bfc062723c751e8b465ee728b)
Start importing ProjectSettings/TagManager.asset using Guid(00000000000000003000000000000000) Importer(815301076,1909f56bfc062723c751e8b465ee728b)  -> (artifact id: '5ff736e781c9396eb3a9ebe5d00f0cbb') in 0.011859 seconds
  Import took 0.014973 seconds .

========================================================================
Received Prepare
Registering precompiled user dll's ...
Registered in 0.003008 seconds.
Begin MonoManager ReloadAssembly
Native extension for WindowsStandalone target not found
Native extension for WebGL target not found
Refreshing native plugins compatible for Editor in 0.39 ms, found 0 plugins.
Preloading 0 native plugins for Editor in 0.00 ms.
Mono: successfully reloaded assembly
- Completed reload, in  0.715 seconds
Platform modules already initialized, skipping
Refreshing native plugins compatible for Editor in 0.38 ms, found 0 plugins.
Preloading 0 native plugins for Editor in 0.00 ms.
Unloading 1614 Unused Serialized files (Serialized files now loaded: 0)
System memory in use before: 155.5 MB.
System memory in use after: 153.6 MB.

Unloading 56 unused Assets to reduce memory usage. Loaded Objects now: 2135.
Total: 2.930600 ms (FindLiveObjects: 0.169400 ms CreateObjectMapping: 0.045900 ms MarkObjects: 1.897400 ms  DeleteObjects: 0.816500 ms)

========================================================================
Received Import Request.
  Time since last request: 2106.082302 seconds.
  path: Assets/Scripts/GameEnding.cs
  artifactKey: Guid(fbd2519ae419cc048a3b2ed605498df4) Importer(815301076,1909f56bfc062723c751e8b465ee728b)
Start importing Assets/Scripts/GameEnding.cs using Guid(fbd2519ae419cc048a3b2ed605498df4) Importer(815301076,1909f56bfc062723c751e8b465ee728b)  -> (artifact id: '8d676c428a7621ef2f097d331def4714') in 0.010918 seconds
  Import took 0.016035 seconds .

========================================================================
Received Prepare
Registering precompiled user dll's ...
Registered in 0.003565 seconds.
Begin MonoManager ReloadAssembly
Native extension for WindowsStandalone target not found
Native extension for WebGL target not found
Refreshing native plugins compatible for Editor in 0.54 ms, found 0 plugins.
Preloading 0 native plugins for Editor in 0.00 ms.
Mono: successfully reloaded assembly
- Completed reload, in  0.807 seconds
Platform modules already initialized, skipping
Refreshing native plugins compatible for Editor in 0.37 ms, found 0 plugins.
Preloading 0 native plugins for Editor in 0.00 ms.
Unloading 1615 Unused Serialized files (Serialized files now loaded: 0)
System memory in use before: 155.6 MB.
System memory in use after: 153.6 MB.

Unloading 55 unused Assets to reduce memory usage. Loaded Objects now: 2139.
Total: 3.163100 ms (FindLiveObjects: 0.310600 ms CreateObjectMapping: 0.030600 ms MarkObjects: 2.235700 ms  DeleteObjects: 0.583900 ms)

========================================================================
Received Prepare
Registering precompiled user dll's ...
Registered in 0.003489 seconds.
Begin MonoManager ReloadAssembly
Native extension for WindowsStandalone target not found
Native extension for WebGL target not found
Refreshing native plugins compatible for Editor in 0.79 ms, found 0 plugins.
Preloading 0 native plugins for Editor in 0.00 ms.
Mono: successfully reloaded assembly
- Completed reload, in  0.856 seconds
Platform modules already initialized, skipping
Refreshing native plugins compatible for Editor in 0.36 ms, found 0 plugins.
Preloading 0 native plugins for Editor in 0.00 ms.
Unloading 1615 Unused Serialized files (Serialized files now loaded: 0)
System memory in use before: 155.5 MB.
System memory in use after: 153.5 MB.

Unloading 55 unused Assets to reduce memory usage. Loaded Objects now: 2142.
Total: 2.664800 ms (FindLiveObjects: 0.156800 ms CreateObjectMapping: 0.025400 ms MarkObjects: 1.751100 ms  DeleteObjects: 0.730300 ms)

========================================================================
Received Prepare
Registering precompiled user dll's ...
Registered in 0.003348 seconds.
Begin MonoManager ReloadAssembly
Native extension for WindowsStandalone target not found
Native extension for WebGL target not found
Refreshing native plugins compatible for Editor in 0.49 ms, found 0 plugins.
Preloading 0 native plugins for Editor in 0.00 ms.
Mono: successfully reloaded assembly
- Completed reload, in  0.672 seconds
Platform modules already initialized, skipping
Refreshing native plugins compatible for Editor in 0.37 ms, found 0 plugins.
Preloading 0 native plugins for Editor in 0.00 ms.
Unloading 1615 Unused Serialized files (Serialized files now loaded: 0)
System memory in use before: 155.6 MB.
System memory in use after: 153.6 MB.

Unloading 55 unused Assets to reduce memory usage. Loaded Objects now: 2145.
Total: 2.185400 ms (FindLiveObjects: 0.166700 ms CreateObjectMapping: 0.030200 ms MarkObjects: 1.446400 ms  DeleteObjects: 0.540700 ms)

========================================================================
Received Import Request.
  Time since last request: 904.934750 seconds.
  path: Assets/Prefabs/Gargoyle.prefab
  artifactKey: Guid(de368c121cf9a8746a197150cd6cd720) Importer(815301076,1909f56bfc062723c751e8b465ee728b)
Start importing Assets/Prefabs/Gargoyle.prefab using Guid(de368c121cf9a8746a197150cd6cd720) Importer(815301076,1909f56bfc062723c751e8b465ee728b)  -> (artifact id: 'f05dd2e8ec918d9cdbf8fe0a7dddaea4') in 0.063859 seconds
  Import took 0.066745 seconds .

========================================================================
Received Import Request.
  Time since last request: 52.735194 seconds.
  path: Assets/Animation/Animators/Gargoyle.controller
  artifactKey: Guid(a71ddb6ec3f1c384284d60dfb280ea9f) Importer(815301076,1909f56bfc062723c751e8b465ee728b)
Start importing Assets/Animation/Animators/Gargoyle.controller using Guid(a71ddb6ec3f1c384284d60dfb280ea9f) Importer(815301076,1909f56bfc062723c751e8b465ee728b)  -> (artifact id: '0708cfb862308621bfabe69b779b8411') in 0.005512 seconds
  Import took 0.007988 seconds .

========================================================================
Received Prepare
Registering precompiled user dll's ...
Registered in 0.002700 seconds.
Begin MonoManager ReloadAssembly
Native extension for WindowsStandalone target not found
Native extension for WebGL target not found
Refreshing native plugins compatible for Editor in 0.40 ms, found 0 plugins.
Preloading 0 native plugins for Editor in 0.00 ms.
Mono: successfully reloaded assembly
- Completed reload, in  0.711 seconds
Platform modules already initialized, skipping
Refreshing native plugins compatible for Editor in 0.33 ms, found 0 plugins.
Preloading 0 native plugins for Editor in 0.00 ms.
Unloading 1615 Unused Serialized files (Serialized files now loaded: 0)
System memory in use before: 155.6 MB.
System memory in use after: 153.6 MB.

Unloading 55 unused Assets to reduce memory usage. Loaded Objects now: 2149.
Total: 2.327600 ms (FindLiveObjects: 0.156800 ms CreateObjectMapping: 0.029400 ms MarkObjects: 1.210600 ms  DeleteObjects: 0.929600 ms)

========================================================================
Received Prepare
Registering precompiled user dll's ...
Registered in 0.004569 seconds.
Begin MonoManager ReloadAssembly
Native extension for WindowsStandalone target not found
Native extension for WebGL target not found
Refreshing native plugins compatible for Editor in 0.39 ms, found 0 plugins.
Preloading 0 native plugins for Editor in 0.00 ms.
Mono: successfully reloaded assembly
- Completed reload, in  0.671 seconds
Platform modules already initialized, skipping
Refreshing native plugins compatible for Editor in 0.40 ms, found 0 plugins.
Preloading 0 native plugins for Editor in 0.00 ms.
Unloading 1615 Unused Serialized files (Serialized files now loaded: 0)
System memory in use before: 155.5 MB.
System memory in use after: 153.6 MB.

Unloading 55 unused Assets to reduce memory usage. Loaded Objects now: 2152.
Total: 2.105100 ms (FindLiveObjects: 0.156600 ms CreateObjectMapping: 0.028700 ms MarkObjects: 1.345400 ms  DeleteObjects: 0.573300 ms)

========================================================================
Received Import Request.
  Time since last request: 61716.146654 seconds.
  path: Assets/Scripts/Observer.cs
  artifactKey: Guid(54e6a458140bbe84398047b13975c5cc) Importer(815301076,1909f56bfc062723c751e8b465ee728b)
Start importing Assets/Scripts/Observer.cs using Guid(54e6a458140bbe84398047b13975c5cc) Importer(815301076,1909f56bfc062723c751e8b465ee728b)  -> (artifact id: '5b22eba7715cf70a640e890d943cdc85') in 0.011241 seconds
  Import took 0.015559 seconds .

========================================================================
Received Prepare
Registering precompiled user dll's ...
Registered in 0.003383 seconds.
Begin MonoManager ReloadAssembly
Native extension for WindowsStandalone target not found
Native extension for WebGL target not found
Refreshing native plugins compatible for Editor in 1.06 ms, found 0 plugins.
Preloading 0 native plugins for Editor in 0.00 ms.
Mono: successfully reloaded assembly
- Completed reload, in  0.787 seconds
Platform modules already initialized, skipping
Refreshing native plugins compatible for Editor in 0.38 ms, found 0 plugins.
Preloading 0 native plugins for Editor in 0.00 ms.
Unloading 1616 Unused Serialized files (Serialized files now loaded: 0)
System memory in use before: 155.6 MB.
System memory in use after: 153.7 MB.

Unloading 55 unused Assets to reduce memory usage. Loaded Objects now: 2156.
Total: 2.648800 ms (FindLiveObjects: 0.513600 ms CreateObjectMapping: 0.092200 ms MarkObjects: 1.418900 ms  DeleteObjects: 0.623000 ms)

========================================================================
Received Import Request.
  Time since last request: 963.001552 seconds.
  path: Assets/Scripts/Observer.cs
  artifactKey: Guid(54e6a458140bbe84398047b13975c5cc) Importer(815301076,1909f56bfc062723c751e8b465ee728b)
Start importing Assets/Scripts/Observer.cs using Guid(54e6a458140bbe84398047b13975c5cc) Importer(815301076,1909f56bfc062723c751e8b465ee728b)  -> (artifact id: 'da5bbc69cdf152ad2c83f06a3607de49') in 0.010266 seconds
  Import took 0.015310 seconds .

AssetImportWorkerClient::OnTransportError - code=2 error=End of file
